Removed Pin From Net: NetName=Extra 1 Pin=H?-1
Removed Pin From Net: NetName=Extra 2 Pin=H?-2
Removed Pin From Net: NetName=Extra 3 Pin=H?-3
Removed Pin From Net: NetName=VCC3.3 Pin=H?-4
Removed Pin From Net: NetName=GND Pin=H?-5
Removed Pin From Net: NetName=GND Pin=Regulador 3.3-1
Removed Pin From Net: NetName=VCC3.3 Pin=Regulador 3.3-2
Removed Pin From Net: NetName=VCC5 Pin=Regulador 3.3-3
Removed Member From Class: ClassName=SheetPainel Member=H?
Removed Member From Class: ClassName=SheetPainel Member=Regulador 3.3
Added Component: Designator=C8(SMD0805C)
Added Component: Designator=C10(SMD0805C)
Added Component: Designator=J2(MICRO-FIT 5x1 90° MOLEX)
Added Component: Designator=U2(SOT223)
Added Pin To Net: NetName=GND Pin=C8-1
Added Pin To Net: NetName=VCC5 Pin=C8-2
Added Pin To Net: NetName=GND Pin=C10-1
Added Pin To Net: NetName=VCC3.3 Pin=C10-2
Added Pin To Net: NetName=Extra 1 Pin=J2-1
Added Pin To Net: NetName=Extra 2 Pin=J2-2
Added Pin To Net: NetName=Extra 3 Pin=J2-3
Added Pin To Net: NetName=VCC3.3 Pin=J2-4
Added Pin To Net: NetName=GND Pin=J2-5
Added Pin To Net: NetName=GND Pin=U2-1
Added Pin To Net: NetName=VCC3.3 Pin=U2-2
Added Pin To Net: NetName=VCC3.3 Pin=U2-2
Added Pin To Net: NetName=VCC5 Pin=U2-3
Added Member To Class: ClassName=SheetPainel Member=Component C8 Valor
Added Member To Class: ClassName=SheetPainel Member=Component C10 Valor
Added Member To Class: ClassName=SheetPainel Member=Component J2 MicroFit SR 5x1
Added Member To Class: ClassName=SheetPainel Member=Component U2 LM1117 - Voltage Regulator
Added Room: Name=SheetPainel
